2016-10-22 18:17:29,368 Orchard.Recipes.Services.RecipeManager - Default - INFO Executing recipe 'Default'. [ExecutionId=81705550bb5540b3a69765f6a1efb1ac]
2016-10-22 18:17:29,448 Orchard.Recipes.Services.RecipeStepQueue - Default - INFO Enqueuing recipe step 'Feature'. [ExecutionId=81705550bb5540b3a69765f6a1efb1ac]
2016-10-22 18:17:29,466 Orchard.Recipes.Services.RecipeStepQueue - Default - INFO Enqueuing recipe step 'ContentDefinition'. [ExecutionId=81705550bb5540b3a69765f6a1efb1ac]
2016-10-22 18:17:29,489 Orchard.Recipes.Services.RecipeStepQueue - Default - INFO Enqueuing recipe step 'Settings'. [ExecutionId=81705550bb5540b3a69765f6a1efb1ac]
2016-10-22 18:17:29,518 Orchard.Recipes.Services.RecipeStepQueue - Default - INFO Enqueuing recipe step 'Migration'. [ExecutionId=81705550bb5540b3a69765f6a1efb1ac]
2016-10-22 18:17:29,534 Orchard.Recipes.Services.RecipeStepQueue - Default - INFO Enqueuing recipe step 'Command'. [ExecutionId=81705550bb5540b3a69765f6a1efb1ac]
2016-10-22 18:17:29,580 Orchard.Recipes.Services.RecipeStepQueue - Default - INFO Enqueuing recipe step 'ActivateShell'. [ExecutionId=(null)]
2016-10-22 18:17:30,293 Orchard.Recipes.Services.RecipeStepQueue - Default - INFO Dequeuing recipe steps. [ExecutionId=81705550bb5540b3a69765f6a1efb1ac]
2016-10-22 18:17:30,316 Orchard.Recipes.Services.RecipeStepQueue - Default - INFO Dequeuing recipe step 'Feature'. [ExecutionId=81705550bb5540b3a69765f6a1efb1ac]
2016-10-22 18:17:30,328 Orchard.Recipes.Services.RecipeStepExecutor - Default - INFO Executing recipe step 'Feature'. [ExecutionId=81705550bb5540b3a69765f6a1efb1ac]
2016-10-22 18:17:30,340 Orchard.Recipes.Providers.RecipeHandlers.RecipeExecutionStepHandler - Default - INFO Executing recipe step 'Feature'. [ExecutionId=81705550bb5540b3a69765f6a1efb1ac]
2016-10-22 18:17:30,349 Orchard.Recipes.Services.RecipeExecutionLogger - Default - INFO FeatureStep: Enabling features: Orchard.Blogs;Orchard.Comments;Orchard.Tags;Orchard.Alias;Orchard.Autoroute;TinyMce;Orchard.MediaLibrary;Orchard.ContentPicker;Orchard.PublishLater;Orchard.Resources;Orchard.Widgets;Orchard.ContentTypes;Orchard.Scripting;Orchard.Scripting.Lightweight;PackagingServices;Orchard.Packaging;Orchard.Projections;Orchard.Fields;Orchard.OutputCache;Orchard.Taxonomies;Orchard.Workflows;Orchard.Layouts;Orchard.Layouts.Tokens;TheThemeMachine [ExecutionId=81705550bb5540b3a69765f6a1efb1ac]
2016-10-22 18:17:30,974 Orchard.Recipes.Providers.RecipeHandlers.RecipeExecutionStepHandler - Default - INFO Finished executing recipe step 'Feature'. [ExecutionId=81705550bb5540b3a69765f6a1efb1ac]
2016-10-22 18:17:31,059 Orchard.Recipes.Services.RecipeScheduler - Default - INFO Scheduling next step of recipe. [ExecutionId=81705550bb5540b3a69765f6a1efb1ac]
2016-10-22 18:17:43,834 Orchard.Recipes.Services.RecipeStepQueue - Default - INFO Dequeuing recipe steps. [ExecutionId=81705550bb5540b3a69765f6a1efb1ac]
2016-10-22 18:17:43,837 Orchard.Recipes.Services.RecipeStepQueue - Default - INFO Dequeuing recipe step 'ContentDefinition'. [ExecutionId=81705550bb5540b3a69765f6a1efb1ac]
2016-10-22 18:17:43,847 Orchard.Recipes.Services.RecipeStepExecutor - Default - INFO Executing recipe step 'ContentDefinition'. [ExecutionId=81705550bb5540b3a69765f6a1efb1ac]
2016-10-22 18:17:43,850 Orchard.Recipes.Providers.RecipeHandlers.RecipeExecutionStepHandler - Default - INFO Executing recipe step 'ContentDefinition'. [ExecutionId=81705550bb5540b3a69765f6a1efb1ac]
2016-10-22 18:17:43,856 Orchard.Recipes.Services.RecipeExecutionLogger - Default - INFO ContentDefinitionStep: Importing content type 'Page'. [ExecutionId=81705550bb5540b3a69765f6a1efb1ac]
2016-10-22 18:17:44,502 Orchard.Recipes.Services.RecipeExecutionLogger - Default - INFO ContentDefinitionStep: Importing content type 'BlogPost'. [ExecutionId=81705550bb5540b3a69765f6a1efb1ac]
2016-10-22 18:17:44,652 Orchard.Recipes.Services.RecipeExecutionLogger - Default - INFO ContentDefinitionStep: Importing content part 'BodyPart'. [ExecutionId=81705550bb5540b3a69765f6a1efb1ac]
2016-10-22 18:17:44,689 Orchard.Recipes.Providers.RecipeHandlers.RecipeExecutionStepHandler - Default - INFO Finished executing recipe step 'ContentDefinition'. [ExecutionId=81705550bb5540b3a69765f6a1efb1ac]
2016-10-22 18:17:44,716 Orchard.Recipes.Services.RecipeScheduler - Default - INFO Scheduling next step of recipe. [ExecutionId=81705550bb5540b3a69765f6a1efb1ac]
2016-10-22 18:17:45,338 Orchard.Recipes.Services.RecipeStepQueue - Default - INFO Dequeuing recipe steps. [ExecutionId=81705550bb5540b3a69765f6a1efb1ac]
2016-10-22 18:17:45,341 Orchard.Recipes.Services.RecipeStepQueue - Default - INFO Dequeuing recipe step 'Settings'. [ExecutionId=81705550bb5540b3a69765f6a1efb1ac]
2016-10-22 18:17:45,344 Orchard.Recipes.Services.RecipeStepExecutor - Default - INFO Executing recipe step 'Settings'. [ExecutionId=81705550bb5540b3a69765f6a1efb1ac]
2016-10-22 18:17:45,347 Orchard.Recipes.Providers.RecipeHandlers.RecipeExecutionStepHandler - Default - INFO Executing recipe step 'Settings'. [ExecutionId=81705550bb5540b3a69765f6a1efb1ac]
2016-10-22 18:17:46,202 Orchard.Recipes.Providers.RecipeHandlers.RecipeExecutionStepHandler - Default - INFO Finished executing recipe step 'Settings'. [ExecutionId=81705550bb5540b3a69765f6a1efb1ac]
2016-10-22 18:17:46,265 Orchard.Recipes.Services.RecipeScheduler - Default - INFO Scheduling next step of recipe. [ExecutionId=81705550bb5540b3a69765f6a1efb1ac]
2016-10-22 18:17:46,728 Orchard.Recipes.Services.RecipeStepQueue - Default - INFO Dequeuing recipe steps. [ExecutionId=81705550bb5540b3a69765f6a1efb1ac]
2016-10-22 18:17:46,731 Orchard.Recipes.Services.RecipeStepQueue - Default - INFO Dequeuing recipe step 'Migration'. [ExecutionId=81705550bb5540b3a69765f6a1efb1ac]
2016-10-22 18:17:46,734 Orchard.Recipes.Services.RecipeStepExecutor - Default - INFO Executing recipe step 'Migration'. [ExecutionId=81705550bb5540b3a69765f6a1efb1ac]
2016-10-22 18:17:46,736 Orchard.Recipes.Providers.RecipeHandlers.RecipeExecutionStepHandler - Default - INFO Executing recipe step 'Migration'. [ExecutionId=81705550bb5540b3a69765f6a1efb1ac]
2016-10-22 18:17:47,154 Orchard.Recipes.Providers.RecipeHandlers.RecipeExecutionStepHandler - Default - INFO Finished executing recipe step 'Migration'. [ExecutionId=81705550bb5540b3a69765f6a1efb1ac]
2016-10-22 18:17:47,178 Orchard.Recipes.Services.RecipeScheduler - Default - INFO Scheduling next step of recipe. [ExecutionId=81705550bb5540b3a69765f6a1efb1ac]
2016-10-22 18:17:47,589 Orchard.Recipes.Services.RecipeStepQueue - Default - INFO Dequeuing recipe steps. [ExecutionId=81705550bb5540b3a69765f6a1efb1ac]
2016-10-22 18:17:47,600 Orchard.Recipes.Services.RecipeStepQueue - Default - INFO Dequeuing recipe step 'Command'. [ExecutionId=81705550bb5540b3a69765f6a1efb1ac]
2016-10-22 18:17:47,603 Orchard.Recipes.Services.RecipeStepExecutor - Default - INFO Executing recipe step 'Command'. [ExecutionId=81705550bb5540b3a69765f6a1efb1ac]
2016-10-22 18:17:47,605 Orchard.Recipes.Providers.RecipeHandlers.RecipeExecutionStepHandler - Default - INFO Executing recipe step 'Command'. [ExecutionId=81705550bb5540b3a69765f6a1efb1ac]
2016-10-22 18:17:47,610 Orchard.Recipes.Services.RecipeExecutionLogger - Default - INFO CommandStep: Executing command: layer create Default /LayerRule:"true" /Description:"The widgets in this layer are displayed on all pages" [ExecutionId=81705550bb5540b3a69765f6a1efb1ac]
2016-10-22 18:17:48,486 Orchard.Recipes.Services.RecipeExecutionLogger - Default - INFO CommandStep: Executing command: layer create Authenticated /LayerRule:"authenticated" /Description:"The widgets in this layer are displayed when the user is authenticated" [ExecutionId=81705550bb5540b3a69765f6a1efb1ac]
2016-10-22 18:17:48,553 Orchard.Recipes.Services.RecipeExecutionLogger - Default - INFO CommandStep: Executing command: layer create Anonymous /LayerRule:"not authenticated" /Description:"The widgets in this layer are displayed when the user is anonymous" [ExecutionId=81705550bb5540b3a69765f6a1efb1ac]
2016-10-22 18:17:48,622 Orchard.Recipes.Services.RecipeExecutionLogger - Default - INFO CommandStep: Executing command: layer create Disabled /LayerRule:"false" /Description:"The widgets in this layer are never displayed" [ExecutionId=81705550bb5540b3a69765f6a1efb1ac]
2016-10-22 18:17:48,706 Orchard.Recipes.Services.RecipeExecutionLogger - Default - INFO CommandStep: Executing command: layer create TheHomepage /LayerRule:"url '~/'" /Description:"The widgets in this layer are displayed on the home page" [ExecutionId=81705550bb5540b3a69765f6a1efb1ac]
2016-10-22 18:17:48,775 Orchard.Recipes.Services.RecipeExecutionLogger - Default - INFO CommandStep: Executing command: site setting set baseurl [ExecutionId=81705550bb5540b3a69765f6a1efb1ac]
2016-10-22 18:17:48,785 Orchard.Recipes.Services.RecipeExecutionLogger - Default - INFO CommandStep: Executing command: menu create /MenuName:"Main Menu" [ExecutionId=81705550bb5540b3a69765f6a1efb1ac]
2016-10-22 18:17:48,861 Orchard.Recipes.Services.RecipeExecutionLogger - Default - INFO CommandStep: Executing command: page create /Slug:"welcome-to-orchard" /Title:"Welcome to Orchard!" /Path:"welcome-to-orchard" /Homepage:true /Publish:true /UseWelcomeText:true [ExecutionId=81705550bb5540b3a69765f6a1efb1ac]
2016-10-22 18:17:50,423 Orchard.Recipes.Services.RecipeExecutionLogger - Default - INFO CommandStep: Executing command: menuitem create /MenuPosition:"0" /MenuText:"Home" /Url:"~/" /MenuName:"Main Menu" [ExecutionId=81705550bb5540b3a69765f6a1efb1ac]
2016-10-22 18:17:50,557 Orchard.Recipes.Services.RecipeExecutionLogger - Default - INFO CommandStep: Executing command: widget create MenuWidget /Title:"Main Menu" /RenderTitle:false /Zone:"Navigation" /Position:"1" /Layer:"Default" /Identity:"MenuWidget1" /MenuName:"Main Menu" [ExecutionId=81705550bb5540b3a69765f6a1efb1ac]
2016-10-22 18:17:50,776 Orchard.Recipes.Services.RecipeExecutionLogger - Default - INFO CommandStep: Executing command: theme activate "The Theme Machine" [ExecutionId=81705550bb5540b3a69765f6a1efb1ac]
2016-10-22 18:17:50,793 Orchard.Recipes.Providers.RecipeHandlers.RecipeExecutionStepHandler - Default - INFO Finished executing recipe step 'Command'. [ExecutionId=81705550bb5540b3a69765f6a1efb1ac]
2016-10-22 18:17:50,876 Orchard.Recipes.Services.RecipeScheduler - Default - INFO Scheduling next step of recipe. [ExecutionId=81705550bb5540b3a69765f6a1efb1ac]
2016-10-22 18:17:51,618 Orchard.Recipes.Services.RecipeStepQueue - Default - INFO Dequeuing recipe steps. [ExecutionId=81705550bb5540b3a69765f6a1efb1ac]
2016-10-22 18:17:51,620 Orchard.Recipes.Services.RecipeStepQueue - Default - INFO Dequeuing recipe step 'ActivateShell'. [ExecutionId=81705550bb5540b3a69765f6a1efb1ac]
2016-10-22 18:17:51,622 Orchard.Recipes.Services.RecipeStepExecutor - Default - INFO Executing recipe step 'ActivateShell'. [ExecutionId=81705550bb5540b3a69765f6a1efb1ac]
2016-10-22 18:17:51,625 Orchard.Recipes.Providers.RecipeHandlers.RecipeExecutionStepHandler - Default - INFO Executing recipe step 'ActivateShell'. [ExecutionId=81705550bb5540b3a69765f6a1efb1ac]
2016-10-22 18:17:51,634 Orchard.Recipes.Providers.RecipeHandlers.RecipeExecutionStepHandler - Default - INFO Fi