2016-10-22 18:51:41,373 [35] Orchard.Exceptions.DefaultExceptionPolicy - Default - An unexpected exception was caught [http://localhost:17387/Packaging/PackagingServices/InstallLocally?redirectUrl=%2FAdmin%2FThemes]
Orchard.OrchardException: Select a file to upload.
   at Orchard.Packaging.Controllers.PackagingServicesController.InstallLocally(String redirectUrl)
   at lambda_method(Closure , ControllerBase , Object[] )
   at System.Web.Mvc.ActionMethodDispatcher.Execute(ControllerBase controller, Object[] parameters)
   at System.Web.Mvc.ReflectedActionDescriptor.Execute(ControllerContext controllerContext, IDictionary`2 parameters)
   at System.Web.Mvc.ControllerActionInvoker.InvokeActionMethod(ControllerContext controllerContext, ActionDescriptor actionDescriptor, IDictionary`2 parameters)
   at System.Web.Mvc.Async.AsyncControllerActionInvoker.<BeginInvokeSynchronousActionMethod>b__39(IAsyncResult asyncResult, ActionInvocation innerInvokeState)
   at System.Web.Mvc.Async.AsyncResultWrapper.WrappedAsyncResult`2.CallEndDelegate(IAsyncResult asyncResult)
   at System.Web.Mvc.Async.AsyncResultWrapper.WrappedAsyncResultBase`1.End()
   at System.Web.Mvc.Async.AsyncControllerActionInvoker.EndInvokeActionMethod(IAsyncResult asyncResult)
   at System.Web.Mvc.Async.AsyncControllerActionInvoker.AsyncInvocationWithFilters.<InvokeActionMethodFilterAsynchronouslyRecursive>b__3d()
   at System.Web.Mvc.Async.AsyncControllerActionInvoker.AsyncInvocationWithFilters.<>c__DisplayClass46.<InvokeActionMethodFilterAsynchronouslyRecursive>b__3f()
   at System.Web.Mvc.Async.AsyncControllerActionInvoker.AsyncInvocationWithFilters.<>c__DisplayClass46.<InvokeActionMethodFilterAsynchronouslyRecursive>b__3f()
   at System.Web.Mvc.Async.AsyncControllerActionInvoker.AsyncInvocationWithFilters.<>c__DisplayClass46.<InvokeActionMethodFilterAsynchronouslyRecursive>b__3f()
   at System.Web.Mvc.Async.AsyncControllerActionInvoker.AsyncInvocationWithFilters.<>c__DisplayClass46.<InvokeActionMethodFilterAsynchronouslyRecursive>b__3f()
   at System.Web.Mvc.Async.AsyncControllerActionInvoker.AsyncInvocationWithFilters.<>c__DisplayClass46.<InvokeActionMethodFilterAsynchronouslyRecursive>b__3f()
2016-10-22 18:51:54,858 [40] Orchard.Exceptions.DefaultExceptionPolicy - Default - An unexpected exception was caught [http://localhost:17387/Packaging/PackagingServices/InstallLocally?redirectUrl=%2FAdmin%2FThemes]
Orchard.OrchardException: Select a file to upload.
   at Orchard.Packaging.Controllers.PackagingServicesController.InstallLocally(String redirectUrl)
   at lambda_method(Closure , ControllerBase , Object[] )
   at System.Web.Mvc.ActionMethodDispatcher.Execute(ControllerBase controller, Object[] parameters)
   at System.Web.Mvc.ReflectedActionDescriptor.Execute(ControllerContext controllerContext, IDictionary`2 parameters)
   at System.Web.Mvc.ControllerActionInvoker.InvokeActionMethod(ControllerContext controllerContext, ActionDescriptor actionDescriptor, IDictionary`2 parameters)
   at System.Web.Mvc.Async.AsyncControllerActionInvoker.<BeginInvokeSynchronousActionMethod>b__39(IAsyncResult asyncResult, ActionInvocation innerInvokeState)
   at System.Web.Mvc.Async.AsyncResultWrapper.WrappedAsyncResult`2.CallEndDelegate(IAsyncResult asyncResult)
   at System.Web.Mvc.Async.AsyncResultWrapper.WrappedAsyncResultBase`1.End()
   at System.Web.Mvc.Async.AsyncControllerActionInvoker.EndInvokeActionMethod(IAsyncResult asyncResult)
   at System.Web.Mvc.Async.AsyncControllerActionInvoker.AsyncInvocationWithFilters.<InvokeActionMethodFilterAsynchronouslyRecursive>b__3d()
   at System.Web.Mvc.Async.AsyncControllerActionInvoker.AsyncInvocationWithFilters.<>c__DisplayClass46.<InvokeActionMethodFilterAsynchronouslyRecursive>b__3f()
   at System.Web.Mvc.Async.AsyncControllerActionInvoker.AsyncInvocationWithFilters.<>c__DisplayClass46.<InvokeActionMethodFilterAsynchronouslyRecursive>b__3f()
   at System.Web.Mvc.Async.AsyncControllerActionInvoker.AsyncInvocationWithFilters.<>c__DisplayClass46.<InvokeActionMethodFilterAsynchronouslyRecursive>b__3f()
   at System.Web.Mvc.Async.AsyncControllerActionInvoker.AsyncInvocationWithFilters.<>c__DisplayClass46.<InvokeActionMethodFilterAsynchronouslyRecursive>b__3f()
   at System.Web.Mvc.Async.AsyncControllerActionInvoker.AsyncInvocationWithFilters.<>c__DisplayClass46.<InvokeActionMethodFilterAsynchronouslyRecursive>b__3f()
2016-10-22 18:53:54,110 [28] Orchard.Exceptions.DefaultExceptionPolicy - Default - An unexpected exception was caught [http://localhost:17387/]
System.Web.HttpCompileException (0x80004005): c:\Users\masif\OneDrive\Documents\My Web Sites\FAST BLOG\Themes\PJS.Bootstrap\Views\Layout.cshtml(2): error CS0246: The type or namespace name 'PJS' could not be found (are you missing a using directive or an assembly reference?)
   at System.Web.Compilation.AssemblyBuilder.Compile()
   at System.Web.Compilation.BuildProvidersCompiler.PerformBuild()
   at System.Web.Compilation.BuildManager.CompileWebFile(VirtualPath virtualPath)
   at System.Web.Compilation.BuildManager.GetVPathBuildResultInternal(VirtualPath virtualPath, Boolean noBuild, Boolean allowCrossApp, Boolean allowBuildInPrecompile, Boolean throwIfNotFound, Boolean ensureIsUpToDate)
   at System.Web.Compilation.BuildManager.GetVPathBuildResultWithNoAssert(HttpContext context, VirtualPath virtualPath, Boolean noBuild, Boolean allowCrossApp, Boolean allowBuildInPrecompile, Boolean throwIfNotFound, Boolean ensureIsUpToDate)
   at System.Web.Compilation.BuildManager.GetVirtualPathObjectFactory(VirtualPath virtualPath, HttpContext context, Boolean allowCrossApp, Boolean throwIfNotFound)
   at System.Web.Compilation.BuildManager.GetCompiledType(VirtualPath virtualPath)
   at System.Web.Compilation.BuildManager.GetCompiledType(String virtualPath)
   at System.Web.Mvc.BuildManagerWrapper.System.Web.Mvc.IBuildManager.GetCompiledType(String virtualPath)
   at System.Web.Mvc.BuildManagerCompiledView.Render(ViewContext viewContext, TextWriter writer)
   at System.Web.Mvc.HtmlHelper.RenderPartialInternal(String partialViewName, ViewDataDictionary viewData, Object model, TextWriter writer, ViewEngineCollection viewEngineCollection)
   at System.Web.Mvc.Html.PartialExtensions.Partial(HtmlHelper htmlHelper, String partialViewName, Object model, ViewDataDictionary viewData)
   at Orchard.DisplayManagement.Descriptors.ShapeTemplateStrategy.ShapeTemplateBindingStrategy.Render(ShapeDescriptor shapeDescriptor, DisplayContext displayContext, HarvestShapeInfo harvestShapeInfo, HarvestShapeHit harvestShapeHit)
   at Orchard.DisplayManagement.Descriptors.ShapeTemplateStrategy.ShapeTemplateBindingStrategy.<>c__DisplayClass26.<>c__DisplayClass28.<Discover>b__15(DisplayContext displayContext)
   at Orchard.DisplayManagement.Descriptors.ShapeAlterationBuilder.<>c__DisplayClass3.<>c__DisplayClass5.<BoundAs>b__2(DisplayContext displayContext)
   at Orchard.DisplayManagement.Implementation.DefaultDisplayManager.Process(ShapeBinding shapeBinding, IShape shape, DisplayContext context)
   at Orchard.DisplayManagement.Implementation.DefaultDisplayManager.Execute(DisplayContext context)
   at Orchard.DisplayManagement.Implementation.DisplayHelper.ShapeExecute(Object shape)
   at Orchard.DisplayManagement.Implementation.DisplayHelper.Invoke(String name, INamedEnumerable`1 parameters)
   at Orchard.DisplayManagement.Implementation.DisplayHelper.TryInvoke(InvokeBinder binder, Object[] args, Object& result)
   at CallSite.Target(Closure , CallSite , Object , Object )
   at Orchard.Mvc.ViewEngines.ThemeAwareness.LayoutAwareViewEngine.<>c__DisplayClass7.<FindView>b__5(ViewContext viewContext, TextWriter writer, IViewDataContainer viewDataContainer)
   at Orchard.Mvc.ViewEngines.ThemeAwareness.LayoutAwareViewEngine.LayoutView.Render(ViewContext viewContext, TextWriter writer)
   at System.Web.Mvc.ViewResultBase.ExecuteResult(ControllerContext context)
   at System.Web.Mvc.ControllerActionInvoker.InvokeActionResult(ControllerContext controllerContext, ActionResult actionResult)
   at System.Web.Mvc.ControllerActionInvoker.InvokeActionResultFilterRecursive(IList`1 filters, Int32 filterIndex, ResultExecutingContext preContext, ControllerContext controllerContext, ActionResult actionResult)
   at System.Web.Mvc.ControllerActionInvoker.InvokeActionResultFilterRecursive(IList`1 filters, Int32 filterIndex, ResultExecutingContext preContext, ControllerContext controllerContext, ActionResult actionResult)
   at System.Web.Mvc.ControllerActionInvoker.InvokeActionResultFilterRecursive(IList`1 filters, Int32 filterIndex, ResultExecutingContext preContext, ControllerContext controllerContext, ActionResult actionResult)
   at System.Web.Mvc.ControllerActionInvoker.InvokeActionResultFilterRecursive(IList`1 filters, Int32 filterIndex, ResultExecutingContext preContext, ControllerContext controllerContext, ActionResult actionResult)
   at System.Web.Mvc.ControllerActionInvoker.InvokeActionResultFilterRecursive(IList`1 filters, Int32 filterIndex, ResultExecutingContext preContext, ControllerContext controllerContext, ActionResult actionResult)
   at System.Web.Mvc.ControllerActionInvoker.InvokeActionResultFilterRecursive(IList`1 filters, Int32 filterIndex, ResultExecutingContext preContext, ControllerContext controllerContext, ActionResult actionResult)
   at System.Web.Mvc.ControllerActionInvoker.InvokeActionResultFilterRecursive(IList`1 filters, Int32 filterIndex, ResultExecutingContext preContext, ControllerContext controllerContext, ActionResult actionResult)
   at System.Web.Mvc.ControllerActionInvoker.InvokeActionResultFilterRecursive(IList`1 filters, Int32 filterIndex, ResultExecutingContext preContext, ControllerContext controllerContext, ActionResult actionResult)
   at System.Web.Mvc.ControllerActionInvoker.InvokeActionResultFilterRecursive(IList`1 filters, Int32 filterIndex, ResultExecutingContext preContext, ControllerContext controllerContext, ActionResult actionResult)
   at System.Web.Mvc.ControllerActionInvoker.InvokeActionResultFilterRecursive(IList`1 filters, Int32 filterIndex, ResultExecutingContext preContext, ControllerContext controllerContext, ActionResult actionResult)
   at System.Web.Mvc.ControllerActionInvoker.InvokeActionResultFilterRecursive(IList`1 filters, Int32 filterIndex, ResultExecutingContext preContext, ControllerContext controllerContext, ActionResult actionResult)
   at System.Web.Mvc.ControllerActionInvoker.InvokeActionResultFilterRecursive(IList`1 filters, Int32 filterIndex, ResultExecutingContext preContext, ControllerContext controllerContext, ActionResult actionResult)
   at System.Web.Mvc.ControllerActionInvoker.InvokeActionResultFilterRecursive(IList`1 filters, Int32 filterIndex, ResultExecutingContext preContext, ControllerContext controllerContext, ActionResult actionResult)
2016-10-22 18:54:03,234 [5] Orchard.Exceptions.DefaultExceptionPolicy - Default - An unexpected exception was caught [http://localhost:17387/]
System.Web.HttpCompileException (0x80004005): c:\Users\masif\OneDrive\Documents\My Web Sites\FAST BLOG\Themes\PJS.Bootstrap\Views\Layout.cshtml(2): error CS0246: The type or namespace name 'PJS' could not be found (are you missing a using directive or an assembly reference?)
   at System.Web.Compilation.BuildManager.PostProcessFoundBuildResult(BuildResult result, Boolean keyFromVPP, VirtualPath virtualPath)
   at System.Web.Compilation.BuildManager.GetBuildResultFromCacheInternal(String cacheKey, Boolean keyFromVPP, VirtualPath virtualPath, Int64 hashCode, Boolean ensureIsUpToDate)
   at System.Web.Compilation.BuildManager.GetVPathBuildResultFromCacheInternal(VirtualPath virtualPath, Boolean ensureIsUpToDate)
   at System.Web.Compilation.BuildManager.GetVPathBuildResultInternal(VirtualPath virtualPath, Boolean noBuild, Boolean allowCrossApp, Boolean allowBuildInPrecompile, Boolean throwIfNotFound, Boolean ensureIsUpToDate)
   at System.Web.Compilation.BuildManager.GetVPathBuildResultWithNoAssert(HttpContext context, VirtualPath virtualPath, Boolean noBuild, Boolean allowCrossApp, Boolean allowBuildInPrecompile, Boolean throwIfNotFound, Boolean ensureIsUpToDate)
   at System.Web.Compilation.BuildManager.GetVirtualPathObjectFactory(VirtualPath virtualPath, HttpContext context, Boolean allowCrossApp, Boolean throwIfNotFound)
   at System.Web.Compilation.BuildManager.GetCompiledType(VirtualPath virtualPath)
   at System.Web.Compilation.BuildManager.GetCompiledType(String virtualPath)
   at System.Web.Mvc.BuildManagerWrapper.System.Web.Mvc.IBuildManager.GetCompiledType(String virtualPath)
   at System.Web.Mvc.BuildManagerCompiledView.Render(ViewContext viewContext, TextWriter writer)
   at System.Web.Mvc.HtmlHelper.RenderPartialInternal(String partialViewName, ViewDataDictionary viewData, Object model, TextWriter writer, ViewEngineCollection viewEngineCollection)
   at System.Web.Mvc.Html.PartialExtensions.Partial(HtmlHelper htmlHelper, String partialViewName, Object model, ViewDataDictionary viewData)
   at Orchard.DisplayManagement.Descriptors.ShapeTemplateStrategy.ShapeTemplateBindingStrategy.Render(ShapeDescriptor shapeDescriptor, DisplayContext displayContext, HarvestShapeInfo harvestShapeInfo, HarvestShapeHit harvestShapeHit)
   at Orchard.DisplayManagement.Descriptors.ShapeTemplateStrategy.ShapeTemplateBindingStrategy.<>c__DisplayClass26.<>c__DisplayClass28.<Discover>b__15(DisplayContext displayContext)
   at Orchard.DisplayManagement.Descriptors.ShapeAlterationBuilder.<>c__DisplayClass3.<>c__DisplayClass5.<BoundAs>b__2(DisplayContext displayContext)
   at Orchard.DisplayManagement.Implementation.DefaultDisplayManager.Process(ShapeBinding shapeBinding, IShape shape, DisplayContext context)
   at Orchard.DisplayManagement.Implementation.DefaultDisplayManager.Execute(DisplayContext context)
   at Orchard.DisplayManagement.Implementation.DisplayHelper.ShapeExecute(Object shape)
   at Orchard.DisplayManagement.Implementation.DisplayHelper.Invoke(String name, INamedEnumerable`1 parameters)
   at Orchard.DisplayManagement.Implementation.DisplayHelper.TryInvoke(InvokeBinder binder, Object[] args, Object& result)
   at CallSite.Target(Closure , CallSite , Object , Object )
   at Orchard.Mvc.ViewEngines.ThemeAwareness.LayoutAwareViewEngine.<>c__DisplayClass7.<FindView>b__5(ViewContext viewContext, TextWriter writer, IViewDataContainer viewDataContainer)
   at Orchard.Mvc.ViewEngines.ThemeAwareness.LayoutAwareViewEngine.LayoutView.Render(ViewContext viewContext, TextWriter writer)
   at System.Web.Mvc.ViewResultBase.ExecuteResult(ControllerContext context)
   at System.Web.Mvc.ControllerActionInvoker.InvokeActionResult(ControllerContext controllerContext, ActionResult actionResult)
   at System.Web.Mvc.ControllerActionInvoker.InvokeActionResultFilterRecursive(IList`1 filters, Int32 filterIndex, ResultExecutingContext preContext, ControllerContext controllerContext, ActionResult actionResult)
   at System.Web.Mvc.ControllerActionInvoker.InvokeActionResultFilterRecursive(IList`1 filters, Int32 filterIndex, ResultExecutingContext preContext, ControllerContext controllerContext, ActionResult actionResult)
   at System.Web.Mvc.ControllerActionInvoker.InvokeActionResultFilterRecursive(IList`1 filters, Int32 filterIndex, ResultExecutingContext preContext, ControllerContext controllerContext, ActionResult actionResult)
   at System.Web.Mvc.ControllerActionInvoker.InvokeActionResultFilterRecursive(IList`1 filters, Int32 filterIndex, ResultExecutingContext preContext, ControllerContext controllerContext, ActionResult actionResult)
   at System.Web.Mvc.ControllerActionInvoker.InvokeActionResultFilterRecursive(IList`1 filters, Int32 filterIndex, ResultExecutingContext preContext, ControllerContext controllerContext, ActionResult actionResult)
   at System.Web.Mvc.ControllerActionInvoker.InvokeActionResultFilterRecursive(IList`1 filters, Int32 filterIndex, ResultExecutingContext preContext, ControllerContext controllerContext, ActionResult actionResult)
   at System.Web.Mvc.ControllerActionInvoker.InvokeActionResultFilterRecursive(IList`1 filters, Int32 filterIndex, ResultExecutingContext preContext, ControllerContext controllerContext, ActionResult actionResult)
   at System.Web.Mvc.ControllerActionInvoker.InvokeActionResultFilterRecursive(IList`1 filters, Int32 filterIndex, ResultExecutingContext preContext, ControllerContext controllerContext, ActionResult actionResult)
   at System.Web.Mvc.ControllerActionInvoker.InvokeActionResultFilterRecursive(IList`1 filters, Int32 filterIndex, ResultExecutingContext preContext, ControllerContext controllerContext, ActionResult actionResult)
   at System.Web.Mvc.ControllerActionInvoker.InvokeActionResultFilterRecursive(IList`1 filters, Int32 filterIndex, ResultExecutingContext preContext, ControllerContext controllerContext, ActionResult actionResult)
   at System.Web.Mvc.ControllerActionInvoker.InvokeActionResultFilterRecursive(IList`1 filters, Int32 filterIndex, ResultExecutingContext preContext, ControllerContext controllerContext, ActionResult actionResult)
   at System.Web.Mvc.ControllerActionInvoker.InvokeActionResultFilterRecursive(IList`1 filters, Int32 filterIndex, ResultExecutingContext preContext, ControllerContext controllerContext, ActionResult actionResult)
   at System.Web.Mvc.ControllerActionInvoker.InvokeActionResultFilterRecursive(IList`1 filters, Int32 filterIndex, ResultExecutingContext preContext, ControllerContext controllerContext, ActionResult actionResult)
2016-10-22 18:54:32,975 [38] Orchard.Exceptions.DefaultExceptionPolicy - Default - An unexpected exception was caught [http://localhost:17387/Blogs]
System.Web.HttpCompileException (0x80004005): c:\Users\masif\OneDrive\Documents\My Web Sites\FAST BLOG\Themes\PJS.Bootstrap\Views\Layout.cshtml(2): error CS0246: The type or namespace name 'PJS' could not be found (are you missing a using directive or an assembly reference?)
   at System.Web.Compilation.AssemblyBuilder.Compile()
   at System.Web.Compilation.BuildProvidersCompiler.PerformBuild()
   at System.Web.Compilation.BuildManager.CompileWebFile(VirtualPath virtualPath)
   at System.Web.Compilation.BuildManager.GetVPathBuildResultInternal(VirtualPath virtualPath, Boolean noBuild, Boolean allowCrossApp, Boolean allowBuildInPrecompile, Boolean throwIfNotFound, Boolean ensureIsUpToDate)
   at System.Web.Compilation.BuildManager.GetVPathBuildResultWithNoAssert(HttpContext context, VirtualPath virtualPath, Boolean noBuild, Boolean allowCrossApp, Boolean allowBuildInPrecompile, Boolean throwIfNotFound, Boolean ensureIsUpToDate)
   at System.Web.Compilation.BuildManager.GetVirtualPathObjectFactory(VirtualPath virtualPath, HttpContext context, Boolean allowCrossApp, Boolean throwIfNotFound)
   at System.Web.Compilation.BuildManager.GetCompiledType(VirtualPath virtualPath)
   at System.Web.Compilation.BuildManager.GetCompiledType(String virtualPath)
   at System.Web.Mvc.BuildManagerWrapper.System.Web.Mvc.IBuildManager.GetCompiledType(String virtualPath)
   at System.Web.Mvc.BuildManagerCompiledView.Render(ViewContext viewContext, TextWriter writer)
   at System.Web.Mvc.HtmlHelper.RenderPartialInternal(String partialViewName, ViewDataDictionary viewData, Object model, TextWriter writer, ViewEngineCollection viewEngineCollection)
   at System.Web.Mvc.Html.PartialExtensions.Partial(HtmlHelper htmlHelper, String partialViewName, Object model, ViewDataDictionary viewData)
   at Orchard.DisplayManagement.Descriptors.ShapeTemplateStrategy.ShapeTemplateBindingStrategy.Render(ShapeDescriptor shapeDescriptor, DisplayContext displayContext, HarvestShapeInfo harvestShapeInfo, HarvestShapeHit harvestShapeHit)
   at Orchard.DisplayManagement.Descriptors.ShapeTemplateStrategy.ShapeTemplateBindingStrategy.<>c__DisplayClass26.<>c__DisplayClass28.<Discover>b__15(DisplayContext displayContext)
   at Orchard.DisplayManagement.Descriptors.ShapeAlterationBuilder.<>c__DisplayClass3.<>c__DisplayClass5.<BoundAs>b__2(DisplayContext displayContext)
   at Orchard.DisplayManagement.Implementation.DefaultDisplayManager.Process(ShapeBinding shapeBinding, IShape shape, DisplayContext context)
   at Orchard.DisplayManagement.Implementation.DefaultDisplayManager.Execute(DisplayContext context)
   at Orchard.DisplayManagement.Implementation.DisplayHelper.ShapeExecute(Object shape)
   at Orchard.DisplayManagement.Implementation.DisplayHelper.Invoke(String name, INamedEnumerable`1 parameters)
   at Orchard.DisplayManagement.Implementation.DisplayHelper.TryInvoke(InvokeBinder binder, Object[] args, Object& result)
   at CallSite.Target(Closure , CallSite , Object , Object )
   at Orchard.Mvc.ViewEngines.ThemeAwareness.LayoutAwareViewEngine.<>c__DisplayClass7.<FindView>b__5(ViewContext viewContext, TextWriter writer, IViewDataContainer viewDataContainer)
   at Orchard.Mvc.ViewEngines.ThemeAwareness.LayoutAwareViewEngine.LayoutView.Render(ViewContext viewContext, TextWriter writer)
   at System.Web.Mvc.ViewResultBase.ExecuteResult(ControllerContext context)
   at System.Web.Mvc.ControllerActionInvoker.InvokeActionResult(ControllerContext controllerContext, ActionResult actionResult)
   at System.Web.Mvc.ControllerActionInvoker.InvokeActionResultFilterRecursive(IList`1 filters, Int32 filterIndex, ResultExecutingContext preContext, ControllerContext controllerContext, ActionResult actionResult)
   at System.Web.Mvc.ControllerActionInvoker.InvokeActionResultFilterRecursive(IList`1 filters, Int32 filterIndex, ResultExecutingContext preContext, ControllerContext controllerContext, ActionResult actionResult)
   at System.Web.Mvc.ControllerActionInvoker.InvokeActionResultFilterRecursive(IList`1 filters, Int32 filterIndex, ResultExecutingContext preContext, ControllerContext controllerContext, ActionResult actionResult)
   at System.Web.Mvc.ControllerActionInvoker.InvokeActionResultFilterRecursive(IList`1 filters, Int32 filterIndex, ResultExecutingContext preContext, ControllerContext controllerContext, ActionResult actionResult)
   at System.Web.Mvc.ControllerActionInvoker.InvokeActionResultFilterRecursive(IList`1 filters, Int32 filterIndex, ResultExecutingContext preContext, ControllerContext controllerContext, ActionResult actionResult)
   at System.Web.Mvc.ControllerActionInvoker.InvokeActionResultFilterRecursive(IList`1 filters, Int32 filterIndex, ResultExecutingContext preContext, ControllerContext controllerContext, ActionResult actionResult)
   at System.Web.Mvc.ControllerActionInvoker.InvokeActionResultFilterRecursive(IList`1 filters, Int32 filterIndex, ResultExecutingContext preContext, ControllerContext controllerContext, ActionResult actionResult)
   at System.Web.Mvc.ControllerActionInvoker.InvokeActionResultFilterRecursive(IList`1 filters, Int32 filterIndex, ResultExecutingContext preContext, ControllerContext controllerContext, ActionResult actionResult)
   at System.Web.Mvc.ControllerActionInvoker.InvokeActionResultFilterRecursive(IList`1 filters, Int32 filterIndex, ResultExecutingContext preContext, ControllerContext controllerContext, ActionResult actionResult)
   at System.Web.Mvc.ControllerActionInvoker.InvokeActionResultFilterRecursive(IList`1 filters, Int32 filterIndex, ResultExecutingContext preContext, ControllerContext controllerContext, ActionResult actionResult)
   at System.Web.Mvc.ControllerActionInvoker.InvokeActionResultFilterRecursive(IList`1 filters, Int32 filterIndex, ResultExecutingContext preContext, ControllerContext controllerContext, ActionResult actionResult)
   at System.Web.Mvc.ControllerActionInvoker.InvokeActionResultFilterRecursive(IList`1 filters, Int32 filterIndex, ResultExecutingContext preContext, ControllerContext controllerContext, ActionResult actionResult)
   at System.Web.Mvc.ControllerActionInvoker.InvokeActionResultFilterRecursive(IList`1 filters, Int32 filterIndex, ResultExecutingContext preContext, ControllerContext controllerContext, ActionResult actionResult)
2016-10-22 19:00:59,067 [6] Orchard.Exceptions.DefaultExceptionPolicy - Default - An unexpected exception was caught [http://localhost:17387/Blogs]
System.Web.HttpCompileException (0x80004005): c:\Users\masif\OneDrive\Documents\My Web Sites\FAST BLOG\Themes\PJS.Bootstrap\Views\Layout.cshtml(2): error CS0246: The type or namespace name 'PJS' could not be found (are you missing a using directive or an assembly reference?)
   at System.Web.Compilation.AssemblyBuilder.Compile()
   at System.Web.Compilation.BuildProvidersCompiler.PerformBuild()
   at System.Web.Compilation.BuildManager.CompileWebFile(VirtualPath virtualPath)
   at System.Web.Compilation.BuildManager.GetVPathBuildResultInternal(VirtualPath virtualPath, Boolean noBuild, Boolean allowCrossApp, Boolean allowBuildInPrecompile, Boolean throwIfNotFound, Boolean ensureIsUpToDate)
   at System.Web.Compilation.BuildManager.GetVPathBuildResultWithNoAssert(HttpContext context, VirtualPath virtualPath, Boolean noBuild, Boolean allowCrossApp, Boolean allowBuildInPrecompile, Boolean throwIfNotFound, Boolean ensureIsUpToDate)
   at System.Web.Compilation.BuildManager.GetVirtualPathObjectFactory(VirtualPath virtualPath, HttpContext context, Boolean allowCrossApp, Boolean throwIfNotFound)
   at System.Web.Compilation.BuildManager.GetCompiledType(VirtualPath virtualPath)
   at System.Web.Compilation.BuildManager.GetCompiledType(String virtualPath)
   at System.Web.Mvc.BuildManagerWrapper.System.Web.Mvc.IBuildManager.GetCompiledType(String virtualPath)
   at System.Web.Mvc.BuildManagerCompiledView.Render(ViewContext viewContext, TextWriter writer)
   at System.Web.Mvc.HtmlHelper.RenderPartialInternal(String partialViewName, ViewDataDictionary viewData, Object model, TextWriter writer, ViewEngineCollection viewEngineCollection)
   at System.Web.Mvc.Html.PartialExtensions.Partial(HtmlHelper htmlHelper, String partialViewName, Object model, ViewDataDictionary viewData)
   at Orchard.DisplayManagement.Descriptors.ShapeTemplateStrategy.ShapeTemplateBindingStrategy.Render(ShapeDescriptor shapeDescriptor, DisplayContext displayContext, HarvestShapeInfo harvestShapeInfo, HarvestShapeHit harvestShapeHit)
   at Orchard.DisplayManagement.Descriptors.ShapeTemplateStrategy.ShapeTemplateBindingStrategy.<>c__DisplayClass26.<>c__DisplayClass28.<Discover>b__15(DisplayContext displayContext)
   at Orchard.DisplayManagement.Descriptors.ShapeAlterationBuilder.<>c__DisplayClass3.<>c__DisplayClass5.<BoundAs>b__2(DisplayContext displayContext)
   at Orchard.DisplayManagement.Implementation.DefaultDisplayManager.Process(ShapeBinding shapeBinding, IShape shape, DisplayContext context)
   at Orchard.DisplayManagement.Implementation.DefaultDisplayManager.Execute(DisplayContext context)
   at Orchard.DisplayManagement.Implementation.DisplayHelper.ShapeExecute(Object shape)
   at Orchard.DisplayManagement.Implementation.DisplayHelper.Invoke(String name, INamedEnumerable`1 parameters)
   at Orchard.DisplayManagement.Implementation.DisplayHelper.TryInvoke(InvokeBinder binder, Object[] args, Object& result)
   at CallSite.Target(Closure , CallSite , Object , Object )
   at Orchard.Mvc.ViewEngines.ThemeAwareness.LayoutAwareViewEngine.<>c__DisplayClass7.<FindView>b__5(ViewContext viewContext, TextWriter writer, IViewDataContainer viewDataContainer)
   at Orchard.Mvc.ViewEngines.ThemeAwareness.LayoutAwareViewEngine.LayoutView.Render(ViewContext viewContext, TextWriter writer)
   at System.Web.Mvc.ViewResultBase.ExecuteResult(ControllerContext context)
   at System.Web.Mvc.ControllerActionInvoker.InvokeActionResult(ControllerContext controllerContext, ActionResult actionResult)
   at System.Web.Mvc.ControllerActionInvoker.InvokeActionResultFilterRecursive(IList`1 filters, Int32 filterIndex, ResultExecutingContext preContext, ControllerContext controllerContext, ActionResult actionResult)
   at System.Web.Mvc.ControllerActionInvoker.InvokeActionResultFilterRecursive(IList`1 filters, Int32 filterIndex, ResultExecutingContext preContext, ControllerContext controllerContext, ActionResult actionResult)
   at System.Web.Mvc.ControllerActionInvoker.InvokeActionResultFilterRecursive(IList`1 filters, Int32 filterIndex, ResultExecutingContext preContext, ControllerContext controllerContext, ActionResult actionResult)
   at System.Web.Mvc.ControllerActionInvoker.InvokeActionResultFilterRecursive(IList`1 filters, Int32 filterIndex, ResultExecutingContext preContext, ControllerContext controllerContext, ActionResult actionResult)
   at System.Web.Mvc.ControllerActionInvoker.InvokeActionResultFilterRecursive(IList`1 filters, Int32 filterIndex, ResultExecutingContext preContext, ControllerContext controllerContext, ActionResult actionResult)
   at System.Web.Mvc.ControllerActionInvoker.InvokeActionResultFilterRecursive(IList`1 filters, Int32 filterIndex, ResultExecutingContext preContext, ControllerContext controllerContext, ActionResult actionResult)
   at System.Web.Mvc.ControllerActionInvoker.InvokeActionResultFilterRecursive(IList`1 filters, Int32 filterIndex, ResultExecutingContext preContext, ControllerContext controllerContext, ActionResult actionResult)
   at System.Web.Mvc.ControllerActionInvoker.InvokeActionResultFilterRecursive(IList`1 filters, Int32 filterIndex, ResultExecutingContext preContext, ControllerContext controllerContext, ActionResult actionResult)
   at System.Web.Mvc.ControllerActionInvoker.InvokeActionResultFilterRecursive(IList`1 filters, Int32 filterIndex, ResultExecutingContext preContext, ControllerContext controllerContext, ActionResult actionResult)
   at System.Web.Mvc.ControllerActionInvoker.InvokeActionResultFilterRecursive(IList`1 filters, Int32 filterIndex, ResultExecutingContext preContext, ControllerContext controllerContext, ActionResult actionResult)
   at System.Web.Mvc.ControllerActionInvoker.InvokeActionResultFilterRecursive(IList`1 filters, Int32 filterIndex, ResultExecutingContext preContext, ControllerContext controllerContext, ActionResult actionResult)
   at System.Web.Mvc.ControllerActionInvoker.InvokeActionResultFilterRecursive(IList`1 filters, Int32 filterIndex, ResultExecutingContext preContext, ControllerContext controllerContext, ActionResult actionResult)
   at System.Web.Mvc.ControllerActionInvoker.InvokeActionResultFilterRecursive(IList`1 filters, Int32 filterIndex, ResultExecutingContext preContext, ControllerContext controllerContext, ActionResult actionResult)
2016-10-22 19:08:28,294 [33] Orchard.Environment.DefaultOrchardHost - Default - A tenant could not be started: Default Attempt number: 0 [http://localhost:17387/Admin/Themes]
System.Threading.ThreadAbortException: Thread was being aborted.
   at System.Threading.Tasks.Task.Execute()
   at System.Threading.Tasks.Task.ExecutionContextCallback(Object obj)
   at System.Threading.ExecutionContext.RunInternal(ExecutionContext executionContext, ContextCallback callback, Object state, Boolean preserveSyncCtx)
   at System.Threading.ExecutionContext.Run(ExecutionContext executionContext, ContextCallback callback, Object state, Boolean preserveSyncCtx)
   at System.Threading.Tasks.Task.ExecuteWithThreadLocal(Task& currentTaskSlot)
   at System.Threading.Tasks.Task.ExecuteEntry(Boolean bPreventDoubleExecution)
   at System.Threading.Tasks.ThreadPoolTaskScheduler.TryExecuteTaskInline(Task task, Boolean taskWasPreviouslyQueued)
   at System.Threading.Tasks.TaskScheduler.TryRunInline(Task task, Boolean taskWasPreviouslyQueued)
   at System.Threading.Tasks.Task.InternalRunSynchronously(TaskScheduler scheduler, Boolean waitForCompletion)
   at System.Threading.Tasks.Task.RunSynchronously(TaskScheduler scheduler)
   at System.Linq.Parallel.SpoolingTask.SpoolForAll[TInputOutput,TIgnoreKey](QueryTaskGroupState groupState, PartitionedStream`2 partitions, TaskScheduler taskScheduler)
   at System.Linq.Parallel.DefaultMergeHelper`2.System.Linq.Parallel.IMergeHelper<TInputOutput>.Execute()
   at System.Linq.Parallel.MergeExecutor`1.Execute[TKey](PartitionedStream`2 partitions, Boolean ignoreOutput, ParallelMergeOptions options, TaskScheduler taskScheduler, Boolean isOrdered, CancellationState cancellationState, Int32 queryId)
   at System.Linq.Parallel.PartitionedStreamMerger`1.Receive[TKey](PartitionedStream`2 partitionedStream)
   at System.Linq.Parallel.ForAllOperator`1.WrapPartitionedStream[TKey](PartitionedStream`2 inputStream, IPartitionedStreamRecipient`1 recipient, Boolean preferStriping, QuerySettings settings)
   at System.Linq.Parallel.UnaryQueryOperator`2.UnaryQueryOperatorResults.ChildResultsRecipient.Receive[TKey](PartitionedStream`2 inputStream)
   at System.Linq.Parallel.ScanQueryOperator`1.ScanEnumerableQueryOperatorResults.GivePartitionedStream(IPartitionedStreamRecipient`1 recipient)
   at System.Linq.Parallel.UnaryQueryOperator`2.UnaryQueryOperatorResults.GivePartitionedStream(IPartitionedStreamRecipient`1 recipient)
   at System.Linq.Parallel.QueryOperator`1.GetOpenedEnumerator(Nullable`1 mergeOptions, Boolean suppressOrder, Boolean forEffect, QuerySettings querySettings)
   at System.Linq.Parallel.ForAllOperator`1.RunSynchronously()
   at System.Linq.ParallelEnumerable.ForAll[TSource](ParallelQuery`1 source, Action`1 action)
   at System.Linq.Parallel.ArrayMergeHelper`1.Execute()
   at System.Linq.Parallel.QueryOperator`1.ExecuteAndGetResultsAsArray()
   at System.Linq.ParallelEnumerable.ToArray[TSource](ParallelQuery`1 source)
   at Orchard.Caching.DefaultParallelCacheContext.RunInParallel[T,TResult](IEnumerable`1 source, Func`2 selector)
   at Orchard.Environment.Extensions.ExtensionManager.LoadFeatures(IEnumerable`1 featureDescriptors)
   at Orchard.Environment.ShellBuilders.CompositionStrategy.Compose(ShellSettings settings, ShellDescriptor descriptor)
   at Orchard.Environment.ShellBuilders.ShellContextFactory.CreateShellContext(ShellSettings settings)
   at Orchard.Environment.DefaultOrchardHost.CreateShellContext(ShellSettings settings)
   at Orchard.Environment.DefaultOrchardHost.<CreateAndActivateShells>b__8(ShellSettings settings)
2016-10-22 19:09:45,395 [16] Orchard.DisplayManagement.Implementation.DefaultDisplayManager - Default - NullReferenceException thrown from Action`1 by System.Action`1[[Orchard.DisplayManagement.Implementation.ShapeDisplayingContext, Orchard.Framework, Version=1.10.1.0, Culture=neutral, PublicKeyToken=null]] [http://localhost:17387/Blogs]
System.NullReferenceException: Object reference not set to an instance of an object.
   at PeoplePerson.ShapeProviders.ContentShapeProvider.<Discover>b__3(ShapeDisplayingContext displaying)
   at Orchard.DisplayManagement.Implementation.DefaultDisplayManager.<>c__DisplayClassc.<Execute>b